[2023-06-05 15:05:11] Skipping class Blax\Wordpress\Extendables\DatabaseInterface
[2023-06-05 15:05:11] Skipping class Blax\Wordpress\Extendables\ModelInterface
[2023-06-05 15:05:11] Loading class Blax\Wordpress\Extendables\Api
[2023-06-05 15:05:11] Loading class Blax\Wordpress\Extendables\Command
[2023-06-05 15:05:11] Loading class Blax\Wordpress\Extendables\Database
[2023-06-05 15:05:11] Loading class Blax\Wordpress\Extendables\Model
[2023-06-05 15:05:11] Loading class Blax\Wordpress\Extendables\Plugin
[2023-06-05 15:05:11] Loading class Blax\Wordpress\Extendables\Shortcode
[2023-06-05 15:05:11] Loading class Blax\Wordpress\Services\BuildService
[2023-06-05 15:05:11] Loading class Blax\Wordpress\Services\ComposerService
[2023-06-05 15:05:11] Loading class Blax\Wordpress\Services\LoggerService
[2023-06-05 15:05:11] Loading class Blax\Wordpress\Services\Mixedservice
[2023-06-05 15:05:11] Loading class Blax\Wordpress\Services\PluginService
[2023-06-05 15:05:11] Loading class Blax\Wordpress\Services\ResponseService
[2023-06-05 15:05:11] Loading class Blax\Wordpress\Services\SetupService
[2023-06-05 15:05:11] Loading class Composer\InstalledVersions
[2023-06-05 15:05:11] Loading class Normalizer
[2023-06-05 15:05:11] Loading class Plugin\PluginTemplate\Apis\ExampleApi
[2023-06-05 15:05:11] Loading class Plugin\PluginTemplate\Commands\SetupCommand
[2023-06-05 15:05:11] Loading class Plugin\PluginTemplate\Commands\TestCommand
[2023-06-05 15:05:11] Loading class Plugin\PluginTemplate\Databases\ExampleDatabase
[2023-06-05 15:05:11] Loading class Plugin\PluginTemplate\Hooks\DashboardSetupHook
[2023-06-05 15:05:11] Loading class Plugin\PluginTemplate\Pages\SettingsPage
[2023-06-05 15:05:11] Loading class Plugin\PluginTemplate\Services\PluginService
[2023-06-05 15:05:11] Loading class Plugin\PluginTemplate\Shortcodes\ExampleShortcode
